\BOOKMARK [0][-]{chapter.1}{\376\377\0001\000\040\000C\000l\000a\000s\000s\000\040\000I\000n\000d\000e\000x}{}% 1
\BOOKMARK [1][-]{section.1.1}{\376\377\0001\000.\0001\000\040\000C\000l\000a\000s\000s\000\040\000L\000i\000s\000t}{chapter.1}% 2
\BOOKMARK [0][-]{chapter.2}{\376\377\0002\000\040\000F\000i\000l\000e\000\040\000I\000n\000d\000e\000x}{}% 3
\BOOKMARK [1][-]{section.2.1}{\376\377\0002\000.\0001\000\040\000F\000i\000l\000e\000\040\000L\000i\000s\000t}{chapter.2}% 4
\BOOKMARK [0][-]{chapter.3}{\376\377\0003\000\040\000C\000l\000a\000s\000s\000\040\000D\000o\000c\000u\000m\000e\000n\000t\000a\000t\000i\000o\000n}{}% 5
\BOOKMARK [1][-]{section.3.1}{\376\377\0003\000.\0001\000\040\000T\000a\000b\000l\000e\000\040\000C\000l\000a\000s\000s\000\040\000R\000e\000f\000e\000r\000e\000n\000c\000e}{chapter.3}% 6
\BOOKMARK [2][-]{subsection.3.1.1}{\376\377\0003\000.\0001\000.\0001\000\040\000D\000e\000t\000a\000i\000l\000e\000d\000\040\000D\000e\000s\000c\000r\000i\000p\000t\000i\000o\000n}{section.3.1}% 7
\BOOKMARK [2][-]{subsection.3.1.2}{\376\377\0003\000.\0001\000.\0002\000\040\000C\000o\000n\000s\000t\000r\000u\000c\000t\000o\000r\000\040\000\046\000\040\000D\000e\000s\000t\000r\000u\000c\000t\000o\000r\000\040\000D\000o\000c\000u\000m\000e\000n\000t\000a\000t\000i\000o\000n}{section.3.1}% 8
\BOOKMARK [3][-]{subsubsection.3.1.2.1}{\376\377\0003\000.\0001\000.\0002\000.\0001\000\040\000T\000a\000b\000l\000e\000\050\000\051\000\040\000[\0001\000/\0002\000]}{subsection.3.1.2}% 9
\BOOKMARK [3][-]{subsubsection.3.1.2.2}{\376\377\0003\000.\0001\000.\0002\000.\0002\000\040\000T\000a\000b\000l\000e\000\050\000\051\000\040\000[\0002\000/\0002\000]}{subsection.3.1.2}% 10
\BOOKMARK [2][-]{subsection.3.1.3}{\376\377\0003\000.\0001\000.\0003\000\040\000M\000e\000m\000b\000e\000r\000\040\000F\000u\000n\000c\000t\000i\000o\000n\000\040\000D\000o\000c\000u\000m\000e\000n\000t\000a\000t\000i\000o\000n}{section.3.1}% 11
\BOOKMARK [3][-]{subsubsection.3.1.3.1}{\376\377\0003\000.\0001\000.\0003\000.\0001\000\040\000c\000h\000a\000n\000g\000e\000M\000a\000i\000n\000D\000a\000t\000a\000\050\000\051}{subsection.3.1.3}% 12
\BOOKMARK [3][-]{subsubsection.3.1.3.2}{\376\377\0003\000.\0001\000.\0003\000.\0002\000\040\000f\000r\000e\000e\000\050\000\051}{subsection.3.1.3}% 13
\BOOKMARK [3][-]{subsubsection.3.1.3.3}{\376\377\0003\000.\0001\000.\0003\000.\0003\000\040\000g\000e\000t\000H\000o\000u\000r\000\050\000\051}{subsection.3.1.3}% 14
\BOOKMARK [3][-]{subsubsection.3.1.3.4}{\376\377\0003\000.\0001\000.\0003\000.\0004\000\040\000g\000e\000t\000M\000i\000n\000u\000t\000e\000\050\000\051}{subsection.3.1.3}% 15
\BOOKMARK [3][-]{subsubsection.3.1.3.5}{\376\377\0003\000.\0001\000.\0003\000.\0005\000\040\000g\000e\000t\000N\000a\000m\000e\000\050\000\051}{subsection.3.1.3}% 16
\BOOKMARK [3][-]{subsubsection.3.1.3.6}{\376\377\0003\000.\0001\000.\0003\000.\0006\000\040\000g\000e\000t\000P\000h\000o\000n\000e\000N\000u\000m\000b\000e\000r\000\050\000\051}{subsection.3.1.3}% 17
\BOOKMARK [3][-]{subsubsection.3.1.3.7}{\376\377\0003\000.\0001\000.\0003\000.\0007\000\040\000g\000e\000t\000S\000i\000z\000e\000\050\000\051}{subsection.3.1.3}% 18
\BOOKMARK [3][-]{subsubsection.3.1.3.8}{\376\377\0003\000.\0001\000.\0003\000.\0008\000\040\000g\000e\000t\000S\000t\000a\000t\000e\000\050\000\051}{subsection.3.1.3}% 19
\BOOKMARK [3][-]{subsubsection.3.1.3.9}{\376\377\0003\000.\0001\000.\0003\000.\0009\000\040\000g\000e\000t\000X\000\050\000\051}{subsection.3.1.3}% 20
\BOOKMARK [3][-]{subsubsection.3.1.3.10}{\376\377\0003\000.\0001\000.\0003\000.\0001\0000\000\040\000g\000e\000t\000Y\000\050\000\051}{subsection.3.1.3}% 21
\BOOKMARK [3][-]{subsubsection.3.1.3.11}{\376\377\0003\000.\0001\000.\0003\000.\0001\0001\000\040\000o\000c\000c\000u\000p\000y\000\050\000\051}{subsection.3.1.3}% 22
\BOOKMARK [3][-]{subsubsection.3.1.3.12}{\376\377\0003\000.\0001\000.\0003\000.\0001\0002\000\040\000o\000p\000e\000r\000a\000t\000o\000r\000=\000\050\000\051}{subsection.3.1.3}% 23
\BOOKMARK [3][-]{subsubsection.3.1.3.13}{\376\377\0003\000.\0001\000.\0003\000.\0001\0003\000\040\000r\000e\000s\000e\000r\000v\000e\000\050\000\051}{subsection.3.1.3}% 24
\BOOKMARK [3][-]{subsubsection.3.1.3.14}{\376\377\0003\000.\0001\000.\0003\000.\0001\0004\000\040\000s\000e\000t\000A\000l\000l\000\050\000\051}{subsection.3.1.3}% 25
\BOOKMARK [3][-]{subsubsection.3.1.3.15}{\376\377\0003\000.\0001\000.\0003\000.\0001\0005\000\040\000t\000e\000s\000t\000\050\000\051}{subsection.3.1.3}% 26
\BOOKMARK [3][-]{subsubsection.3.1.3.16}{\376\377\0003\000.\0001\000.\0003\000.\0001\0006\000\040\000t\000i\000m\000e\000C\000h\000e\000c\000k\000\050\000\051}{subsection.3.1.3}% 27
\BOOKMARK [2][-]{subsection.3.1.4}{\376\377\0003\000.\0001\000.\0004\000\040\000M\000e\000m\000b\000e\000r\000\040\000D\000a\000t\000a\000\040\000D\000o\000c\000u\000m\000e\000n\000t\000a\000t\000i\000o\000n}{section.3.1}% 28
\BOOKMARK [3][-]{subsubsection.3.1.4.1}{\376\377\0003\000.\0001\000.\0004\000.\0001\000\040\000h\000o\000u\000r}{subsection.3.1.4}% 29
\BOOKMARK [3][-]{subsubsection.3.1.4.2}{\376\377\0003\000.\0001\000.\0004\000.\0002\000\040\000m\000i\000n\000u\000t\000e}{subsection.3.1.4}% 30
\BOOKMARK [3][-]{subsubsection.3.1.4.3}{\376\377\0003\000.\0001\000.\0004\000.\0003\000\040\000n\000a\000m\000e}{subsection.3.1.4}% 31
\BOOKMARK [3][-]{subsubsection.3.1.4.4}{\376\377\0003\000.\0001\000.\0004\000.\0004\000\040\000p\000h\000o\000n\000e\000N\000u\000m\000b\000e\000r}{subsection.3.1.4}% 32
\BOOKMARK [3][-]{subsubsection.3.1.4.5}{\376\377\0003\000.\0001\000.\0004\000.\0005\000\040\000s\000i\000z\000e}{subsection.3.1.4}% 33
\BOOKMARK [3][-]{subsubsection.3.1.4.6}{\376\377\0003\000.\0001\000.\0004\000.\0006\000\040\000s\000t\000a\000t\000e}{subsection.3.1.4}% 34
\BOOKMARK [3][-]{subsubsection.3.1.4.7}{\376\377\0003\000.\0001\000.\0004\000.\0007\000\040\000x}{subsection.3.1.4}% 35
\BOOKMARK [3][-]{subsubsection.3.1.4.8}{\376\377\0003\000.\0001\000.\0004\000.\0008\000\040\000y}{subsection.3.1.4}% 36
\BOOKMARK [1][-]{section.3.2}{\376\377\0003\000.\0002\000\040\000T\000a\000b\000l\000e\000H\000a\000n\000d\000l\000e\000r\000\040\000C\000l\000a\000s\000s\000\040\000R\000e\000f\000e\000r\000e\000n\000c\000e}{chapter.3}% 37
\BOOKMARK [2][-]{subsection.3.2.1}{\376\377\0003\000.\0002\000.\0001\000\040\000D\000e\000t\000a\000i\000l\000e\000d\000\040\000D\000e\000s\000c\000r\000i\000p\000t\000i\000o\000n}{section.3.2}% 38
\BOOKMARK [2][-]{subsection.3.2.2}{\376\377\0003\000.\0002\000.\0002\000\040\000C\000o\000n\000s\000t\000r\000u\000c\000t\000o\000r\000\040\000\046\000\040\000D\000e\000s\000t\000r\000u\000c\000t\000o\000r\000\040\000D\000o\000c\000u\000m\000e\000n\000t\000a\000t\000i\000o\000n}{section.3.2}% 39
\BOOKMARK [3][-]{subsubsection.3.2.2.1}{\376\377\0003\000.\0002\000.\0002\000.\0001\000\040\000T\000a\000b\000l\000e\000H\000a\000n\000d\000l\000e\000r\000\050\000\051}{subsection.3.2.2}% 40
\BOOKMARK [3][-]{subsubsection.3.2.2.2}{\376\377\0003\000.\0002\000.\0002\000.\0002\000\040\000~\000T\000a\000b\000l\000e\000H\000a\000n\000d\000l\000e\000r\000\050\000\051}{subsection.3.2.2}% 41
\BOOKMARK [2][-]{subsection.3.2.3}{\376\377\0003\000.\0002\000.\0003\000\040\000M\000e\000m\000b\000e\000r\000\040\000F\000u\000n\000c\000t\000i\000o\000n\000\040\000D\000o\000c\000u\000m\000e\000n\000t\000a\000t\000i\000o\000n}{section.3.2}% 42
\BOOKMARK [3][-]{subsubsection.3.2.3.1}{\376\377\0003\000.\0002\000.\0003\000.\0001\000\040\000c\000r\000e\000a\000t\000e\000N\000e\000w\000T\000a\000b\000l\000e\000\050\000\051}{subsection.3.2.3}% 43
\BOOKMARK [3][-]{subsubsection.3.2.3.2}{\376\377\0003\000.\0002\000.\0003\000.\0002\000\040\000d\000e\000l\000e\000t\000e\000T\000a\000b\000l\000e\000\050\000\051}{subsection.3.2.3}% 44
\BOOKMARK [3][-]{subsubsection.3.2.3.3}{\376\377\0003\000.\0002\000.\0003\000.\0003\000\040\000d\000r\000a\000w\000\050\000\051}{subsection.3.2.3}% 45
\BOOKMARK [3][-]{subsubsection.3.2.3.4}{\376\377\0003\000.\0002\000.\0003\000.\0004\000\040\000g\000e\000t\000A\000c\000t\000i\000v\000e\000I\000D\000\050\000\051}{subsection.3.2.3}% 46
\BOOKMARK [3][-]{subsubsection.3.2.3.5}{\376\377\0003\000.\0002\000.\0003\000.\0005\000\040\000g\000e\000t\000A\000c\000t\000i\000v\000e\000I\000n\000d\000e\000x\000R\000e\000f\000\050\000\051}{subsection.3.2.3}% 47
\BOOKMARK [3][-]{subsubsection.3.2.3.6}{\376\377\0003\000.\0002\000.\0003\000.\0006\000\040\000l\000o\000a\000d\000D\000a\000t\000a\000\050\000\051}{subsection.3.2.3}% 48
\BOOKMARK [3][-]{subsubsection.3.2.3.7}{\376\377\0003\000.\0002\000.\0003\000.\0007\000\040\000l\000o\000a\000d\000T\000e\000x\000t\000u\000r\000e\000s\000\050\000\051}{subsection.3.2.3}% 49
\BOOKMARK [3][-]{subsubsection.3.2.3.8}{\376\377\0003\000.\0002\000.\0003\000.\0008\000\040\000o\000n\000C\000l\000i\000c\000k\000\050\000\051}{subsection.3.2.3}% 50
\BOOKMARK [3][-]{subsubsection.3.2.3.9}{\376\377\0003\000.\0002\000.\0003\000.\0009\000\040\000s\000a\000v\000e\000D\000a\000t\000a\000\050\000\051}{subsection.3.2.3}% 51
\BOOKMARK [3][-]{subsubsection.3.2.3.10}{\376\377\0003\000.\0002\000.\0003\000.\0001\0000\000\040\000s\000e\000t\000A\000c\000t\000i\000v\000e\000I\000D\000\050\000\051}{subsection.3.2.3}% 52
\BOOKMARK [3][-]{subsubsection.3.2.3.11}{\376\377\0003\000.\0002\000.\0003\000.\0001\0001\000\040\000t\000e\000s\000t\000\050\000\051}{subsection.3.2.3}% 53
\BOOKMARK [3][-]{subsubsection.3.2.3.12}{\376\377\0003\000.\0002\000.\0003\000.\0001\0002\000\040\000u\000n\000l\000o\000a\000d\000T\000e\000x\000t\000u\000r\000e\000s\000\050\000\051}{subsection.3.2.3}% 54
\BOOKMARK [3][-]{subsubsection.3.2.3.13}{\376\377\0003\000.\0002\000.\0003\000.\0001\0003\000\040\000u\000p\000d\000a\000t\000e\000\050\000\051}{subsection.3.2.3}% 55
\BOOKMARK [2][-]{subsection.3.2.4}{\376\377\0003\000.\0002\000.\0004\000\040\000M\000e\000m\000b\000e\000r\000\040\000D\000a\000t\000a\000\040\000D\000o\000c\000u\000m\000e\000n\000t\000a\000t\000i\000o\000n}{section.3.2}% 56
\BOOKMARK [3][-]{subsubsection.3.2.4.1}{\376\377\0003\000.\0002\000.\0004\000.\0001\000\040\000a\000c\000t\000i\000v\000e\000I\000D}{subsection.3.2.4}% 57
\BOOKMARK [3][-]{subsubsection.3.2.4.2}{\376\377\0003\000.\0002\000.\0004\000.\0002\000\040\000a\000m\000o\000u\000n\000t}{subsection.3.2.4}% 58
\BOOKMARK [3][-]{subsubsection.3.2.4.3}{\376\377\0003\000.\0002\000.\0004\000.\0003\000\040\000s\000a\000v\000e\000F\000i\000l\000e\000N\000a\000m\000e}{subsection.3.2.4}% 59
\BOOKMARK [3][-]{subsubsection.3.2.4.4}{\376\377\0003\000.\0002\000.\0004\000.\0004\000\040\000t\000a\000b\000l\000e\000F\000r\000e\000e\000T\000e\000x\000t\000u\000r\000e}{subsection.3.2.4}% 60
\BOOKMARK [3][-]{subsubsection.3.2.4.5}{\376\377\0003\000.\0002\000.\0004\000.\0005\000\040\000t\000a\000b\000l\000e\000O\000c\000c\000u\000p\000i\000e\000d\000T\000e\000x\000t\000u\000r\000e}{subsection.3.2.4}% 61
\BOOKMARK [3][-]{subsubsection.3.2.4.6}{\376\377\0003\000.\0002\000.\0004\000.\0006\000\040\000t\000a\000b\000l\000e\000R\000e\000s\000e\000r\000v\000e\000d\000L\000a\000t\000e\000T\000e\000x\000t\000u\000r\000e}{subsection.3.2.4}% 62
\BOOKMARK [3][-]{subsubsection.3.2.4.7}{\376\377\0003\000.\0002\000.\0004\000.\0007\000\040\000t\000a\000b\000l\000e\000R\000e\000s\000e\000r\000v\000e\000d\000T\000e\000x\000t\000u\000r\000e}{subsection.3.2.4}% 63
\BOOKMARK [3][-]{subsubsection.3.2.4.8}{\376\377\0003\000.\0002\000.\0004\000.\0008\000\040\000t\000a\000b\000l\000e\000s}{subsection.3.2.4}% 64
\BOOKMARK [1][-]{section.3.3}{\376\377\0003\000.\0003\000\040\000U\000I\000\040\000C\000l\000a\000s\000s\000\040\000R\000e\000f\000e\000r\000e\000n\000c\000e}{chapter.3}% 65
\BOOKMARK [2][-]{subsection.3.3.1}{\376\377\0003\000.\0003\000.\0001\000\040\000D\000e\000t\000a\000i\000l\000e\000d\000\040\000D\000e\000s\000c\000r\000i\000p\000t\000i\000o\000n}{section.3.3}% 66
\BOOKMARK [2][-]{subsection.3.3.2}{\376\377\0003\000.\0003\000.\0002\000\040\000C\000o\000n\000s\000t\000r\000u\000c\000t\000o\000r\000\040\000\046\000\040\000D\000e\000s\000t\000r\000u\000c\000t\000o\000r\000\040\000D\000o\000c\000u\000m\000e\000n\000t\000a\000t\000i\000o\000n}{section.3.3}% 67
\BOOKMARK [3][-]{subsubsection.3.3.2.1}{\376\377\0003\000.\0003\000.\0002\000.\0001\000\040\000U\000I\000\050\000\051}{subsection.3.3.2}% 68
\BOOKMARK [2][-]{subsection.3.3.3}{\376\377\0003\000.\0003\000.\0003\000\040\000M\000e\000m\000b\000e\000r\000\040\000F\000u\000n\000c\000t\000i\000o\000n\000\040\000D\000o\000c\000u\000m\000e\000n\000t\000a\000t\000i\000o\000n}{section.3.3}% 69
\BOOKMARK [3][-]{subsubsection.3.3.3.1}{\376\377\0003\000.\0003\000.\0003\000.\0001\000\040\000d\000r\000a\000w\000\050\000\051}{subsection.3.3.3}% 70
\BOOKMARK [3][-]{subsubsection.3.3.3.2}{\376\377\0003\000.\0003\000.\0003\000.\0002\000\040\000l\000o\000a\000d\000T\000e\000x\000t\000u\000r\000e\000s\000\050\000\051}{subsection.3.3.3}% 71
\BOOKMARK [3][-]{subsubsection.3.3.3.3}{\376\377\0003\000.\0003\000.\0003\000.\0003\000\040\000u\000n\000l\000o\000a\000d\000T\000e\000x\000t\000u\000r\000e\000s\000\050\000\051}{subsection.3.3.3}% 72
\BOOKMARK [2][-]{subsection.3.3.4}{\376\377\0003\000.\0003\000.\0004\000\040\000M\000e\000m\000b\000e\000r\000\040\000D\000a\000t\000a\000\040\000D\000o\000c\000u\000m\000e\000n\000t\000a\000t\000i\000o\000n}{section.3.3}% 73
\BOOKMARK [3][-]{subsubsection.3.3.4.1}{\376\377\0003\000.\0003\000.\0004\000.\0001\000\040\000b\000g}{subsection.3.3.4}% 74
\BOOKMARK [3][-]{subsubsection.3.3.4.2}{\376\377\0003\000.\0003\000.\0004\000.\0002\000\040\000d\000e\000l\000t\000a\000I\000D}{subsection.3.3.4}% 75
\BOOKMARK [3][-]{subsubsection.3.3.4.3}{\376\377\0003\000.\0003\000.\0004\000.\0003\000\040\000e\000n\000t\000r\000y\000H\000o\000u\000r\000A\000c\000t\000i\000v\000e}{subsection.3.3.4}% 76
\BOOKMARK [3][-]{subsubsection.3.3.4.4}{\376\377\0003\000.\0003\000.\0004\000.\0004\000\040\000e\000n\000t\000r\000y\000H\000o\000u\000r\000V\000a\000l\000u\000e}{subsection.3.3.4}% 77
\BOOKMARK [3][-]{subsubsection.3.3.4.5}{\376\377\0003\000.\0003\000.\0004\000.\0005\000\040\000e\000n\000t\000r\000y\000M\000i\000n\000u\000t\000e\000A\000c\000t\000i\000v\000e}{subsection.3.3.4}% 78
\BOOKMARK [3][-]{subsubsection.3.3.4.6}{\376\377\0003\000.\0003\000.\0004\000.\0006\000\040\000e\000n\000t\000r\000y\000M\000i\000n\000u\000t\000e\000V\000a\000l\000u\000e}{subsection.3.3.4}% 79
\BOOKMARK [3][-]{subsubsection.3.3.4.7}{\376\377\0003\000.\0003\000.\0004\000.\0007\000\040\000e\000n\000t\000r\000y\000N\000a\000m\000e\000A\000c\000t\000i\000v\000e}{subsection.3.3.4}% 80
\BOOKMARK [3][-]{subsubsection.3.3.4.8}{\376\377\0003\000.\0003\000.\0004\000.\0008\000\040\000e\000n\000t\000r\000y\000N\000a\000m\000e\000V\000a\000l\000u\000e}{subsection.3.3.4}% 81
\BOOKMARK [3][-]{subsubsection.3.3.4.9}{\376\377\0003\000.\0003\000.\0004\000.\0009\000\040\000e\000n\000t\000r\000y\000P\000h\000o\000n\000e\000A\000c\000t\000i\000v\000e}{subsection.3.3.4}% 82
\BOOKMARK [3][-]{subsubsection.3.3.4.10}{\376\377\0003\000.\0003\000.\0004\000.\0001\0000\000\040\000e\000n\000t\000r\000y\000P\000h\000o\000n\000e\000V\000a\000l\000u\000e}{subsection.3.3.4}% 83
\BOOKMARK [3][-]{subsubsection.3.3.4.11}{\376\377\0003\000.\0003\000.\0004\000.\0001\0001\000\040\000e\000n\000t\000r\000y\000S\000i\000z\000e\000A\000c\000t\000i\000v\000e}{subsection.3.3.4}% 84
\BOOKMARK [3][-]{subsubsection.3.3.4.12}{\376\377\0003\000.\0003\000.\0004\000.\0001\0002\000\040\000e\000n\000t\000r\000y\000S\000i\000z\000e\000V\000a\000l\000u\000e}{subsection.3.3.4}% 85
\BOOKMARK [3][-]{subsubsection.3.3.4.13}{\376\377\0003\000.\0003\000.\0004\000.\0001\0003\000\040\000e\000n\000t\000r\000y\000X\000A\000c\000t\000i\000v\000e}{subsection.3.3.4}% 86
\BOOKMARK [3][-]{subsubsection.3.3.4.14}{\376\377\0003\000.\0003\000.\0004\000.\0001\0004\000\040\000e\000n\000t\000r\000y\000X\000V\000a\000l\000u\000e}{subsection.3.3.4}% 87
\BOOKMARK [3][-]{subsubsection.3.3.4.15}{\376\377\0003\000.\0003\000.\0004\000.\0001\0005\000\040\000e\000n\000t\000r\000y\000Y\000A\000c\000t\000i\000v\000e}{subsection.3.3.4}% 88
\BOOKMARK [3][-]{subsubsection.3.3.4.16}{\376\377\0003\000.\0003\000.\0004\000.\0001\0006\000\040\000e\000n\000t\000r\000y\000Y\000V\000a\000l\000u\000e}{subsection.3.3.4}% 89
\BOOKMARK [3][-]{subsubsection.3.3.4.17}{\376\377\0003\000.\0003\000.\0004\000.\0001\0007\000\040\000t\000a\000b\000l\000e\000C\000o\000n\000f\000i\000g\000W\000i\000n\000d\000o\000w\000A\000c\000t\000i\000v\000e}{subsection.3.3.4}% 90
\BOOKMARK [3][-]{subsubsection.3.3.4.18}{\376\377\0003\000.\0003\000.\0004\000.\0001\0008\000\040\000t\000a\000b\000l\000e\000s}{subsection.3.3.4}% 91
\BOOKMARK [3][-]{subsubsection.3.3.4.19}{\376\377\0003\000.\0003\000.\0004\000.\0001\0009\000\040\000t\000a\000b\000l\000e\000S\000t\000a\000t\000e}{subsection.3.3.4}% 92
\BOOKMARK [0][-]{chapter.4}{\376\377\0004\000\040\000F\000i\000l\000e\000\040\000D\000o\000c\000u\000m\000e\000n\000t\000a\000t\000i\000o\000n}{}% 93
\BOOKMARK [1][-]{section.4.1}{\376\377\0004\000.\0001\000\040\000i\000n\000c\000l\000u\000d\000e\000/\000t\000a\000b\000l\000e\000H\000a\000n\000d\000l\000e\000r\000.\000h\000\040\000F\000i\000l\000e\000\040\000R\000e\000f\000e\000r\000e\000n\000c\000e}{chapter.4}% 94
\BOOKMARK [1][-]{section.4.2}{\376\377\0004\000.\0002\000\040\000t\000a\000b\000l\000e\000H\000a\000n\000d\000l\000e\000r\000.\000h}{chapter.4}% 95
\BOOKMARK [1][-]{section.4.3}{\376\377\0004\000.\0003\000\040\000i\000n\000c\000l\000u\000d\000e\000/\000t\000a\000b\000l\000e\000s\000.\000h\000\040\000F\000i\000l\000e\000\040\000R\000e\000f\000e\000r\000e\000n\000c\000e}{chapter.4}% 96
\BOOKMARK [1][-]{section.4.4}{\376\377\0004\000.\0004\000\040\000t\000a\000b\000l\000e\000s\000.\000h}{chapter.4}% 97
\BOOKMARK [1][-]{section.4.5}{\376\377\0004\000.\0005\000\040\000i\000n\000c\000l\000u\000d\000e\000/\000u\000i\000.\000h\000\040\000F\000i\000l\000e\000\040\000R\000e\000f\000e\000r\000e\000n\000c\000e}{chapter.4}% 98
\BOOKMARK [1][-]{section.4.6}{\376\377\0004\000.\0006\000\040\000u\000i\000.\000h}{chapter.4}% 99
\BOOKMARK [1][-]{section.4.7}{\376\377\0004\000.\0007\000\040\000s\000r\000c\000/\000m\000a\000i\000n\000.\000c\000p\000p\000\040\000F\000i\000l\000e\000\040\000R\000e\000f\000e\000r\000e\000n\000c\000e}{chapter.4}% 100
\BOOKMARK [2][-]{subsection.4.7.1}{\376\377\0004\000.\0007\000.\0001\000\040\000D\000e\000t\000a\000i\000l\000e\000d\000\040\000D\000e\000s\000c\000r\000i\000p\000t\000i\000o\000n}{section.4.7}% 101
\BOOKMARK [2][-]{subsection.4.7.2}{\376\377\0004\000.\0007\000.\0002\000\040\000M\000a\000c\000r\000o\000\040\000D\000e\000f\000i\000n\000i\000t\000i\000o\000n\000\040\000D\000o\000c\000u\000m\000e\000n\000t\000a\000t\000i\000o\000n}{section.4.7}% 102
\BOOKMARK [3][-]{subsubsection.4.7.2.1}{\376\377\0004\000.\0007\000.\0002\000.\0001\000\040\000R\000A\000Y\000G\000U\000I\000\137\000S\000T\000A\000T\000I\000C}{subsection.4.7.2}% 103
\BOOKMARK [2][-]{subsection.4.7.3}{\376\377\0004\000.\0007\000.\0003\000\040\000F\000u\000n\000c\000t\000i\000o\000n\000\040\000D\000o\000c\000u\000m\000e\000n\000t\000a\000t\000i\000o\000n}{section.4.7}% 104
\BOOKMARK [3][-]{subsubsection.4.7.3.1}{\376\377\0004\000.\0007\000.\0003\000.\0001\000\040\000m\000a\000i\000n\000\050\000\051}{subsection.4.7.3}% 105
\BOOKMARK [1][-]{section.4.8}{\376\377\0004\000.\0008\000\040\000s\000r\000c\000/\000t\000a\000b\000l\000e\000H\000a\000n\000d\000l\000e\000r\000.\000c\000p\000p\000\040\000F\000i\000l\000e\000\040\000R\000e\000f\000e\000r\000e\000n\000c\000e}{chapter.4}% 106
\BOOKMARK [2][-]{subsection.4.8.1}{\376\377\0004\000.\0008\000.\0001\000\040\000D\000e\000t\000a\000i\000l\000e\000d\000\040\000D\000e\000s\000c\000r\000i\000p\000t\000i\000o\000n}{section.4.8}% 107
\BOOKMARK [1][-]{section.4.9}{\376\377\0004\000.\0009\000\040\000s\000r\000c\000/\000t\000a\000b\000l\000e\000s\000.\000c\000p\000p\000\040\000F\000i\000l\000e\000\040\000R\000e\000f\000e\000r\000e\000n\000c\000e}{chapter.4}% 108
\BOOKMARK [2][-]{subsection.4.9.1}{\376\377\0004\000.\0009\000.\0001\000\040\000D\000e\000t\000a\000i\000l\000e\000d\000\040\000D\000e\000s\000c\000r\000i\000p\000t\000i\000o\000n}{section.4.9}% 109
\BOOKMARK [1][-]{section.4.10}{\376\377\0004\000.\0001\0000\000\040\000s\000r\000c\000/\000u\000i\000.\000c\000p\000p\000\040\000F\000i\000l\000e\000\040\000R\000e\000f\000e\000r\000e\000n\000c\000e}{chapter.4}% 110
\BOOKMARK [2][-]{subsection.4.10.1}{\376\377\0004\000.\0001\0000\000.\0001\000\040\000M\000a\000c\000r\000o\000\040\000D\000e\000f\000i\000n\000i\000t\000i\000o\000n\000\040\000D\000o\000c\000u\000m\000e\000n\000t\000a\000t\000i\000o\000n}{section.4.10}% 111
\BOOKMARK [3][-]{subsubsection.4.10.1.1}{\376\377\0004\000.\0001\0000\000.\0001\000.\0001\000\040\000R\000A\000Y\000G\000U\000I\000\137\000I\000M\000P\000L\000E\000M\000E\000N\000T\000A\000T\000I\000O\000N}{subsection.4.10.1}% 112
\BOOKMARK [3][-]{subsubsection.4.10.1.2}{\376\377\0004\000.\0001\0000\000.\0001\000.\0002\000\040\000R\000A\000Y\000G\000U\000I\000\137\000N\000O\000\137\000R\000I\000C\000O\000N\000S}{subsection.4.10.1}% 113
\BOOKMARK [0][-]{section*.26}{\376\377\000I\000n\000d\000e\000x}{}% 114
